<?xml version="1.0" encoding="UTF-8"?>
<!-- Generated by org.testng.reporters.JUnitReportReporter -->
<testsuite hostname="EPBYMINW0918" name="by.epam.tests.RemoteDriverTest" tests="4" failures="0" timestamp="1 Jun 2015 13:09:11 GMT" time="70.885" errors="0">
  <testcase name="oneCanExecuteRemoteTest" time="14.724" classname="by.epam.tests.RemoteDriverTest"/>
  <testcase name="oneCanExecuteRemoteTest" time="28.633" classname="by.epam.tests.RemoteDriverTest"/>
  <testcase name="oneCanExecuteRemoteTest" time="15.622" classname="by.epam.tests.RemoteDriverTest"/>
  <testcase name="oneCanExecuteRemoteTest" time="11.906" classname="by.epam.tests.RemoteDriverTest"/>
</testsuite> <!-- by.epam.tests.RemoteDriverTest -->
